<?xml version="1.0" encoding="UTF-8"?>
<!-- Generated by org.testng.reporters.JUnitReportReporter -->
<testsuite skipped="0" hostname="Artis-MBP" name="com.qa.opencart.tests.RegisterPageTest" tests="5" failures="0" timestamp="20 May 2023 14:12:37 GMT" time="5.381" errors="0">
  <testcase name="accountRegisterationTest" time="1.261" classname="com.qa.opencart.tests.RegisterPageTest"/>
  <testcase name="accountRegisterationTest" time="1.286" classname="com.qa.opencart.tests.RegisterPageTest"/>
  <testcase name="accountRegisterationTest" time="1.232" classname="com.qa.opencart.tests.RegisterPageTest"/>
  <testcase name="accountRegisterationTest" time="1.591" classname="com.qa.opencart.tests.RegisterPageTest"/>
  <testcase name="registerPageUrlTest" time="0.011" classname="com.qa.opencart.tests.RegisterPageTest"/>
</testsuite> <!-- com.qa.opencart.tests.RegisterPageTest -->
