<?xml version="1.0" encoding="UTF-8"?>
<!-- Generated by org.testng.reporters.JUnitReportReporter -->
<testsuite skipped="0" hostname="Artis-MBP" name="com.qa.opencart.tests.loginPageTest" tests="4" failures="0" timestamp="29 Apr 2023 13:17:06 GMT" time="0.398" errors="0">
  <testcase name="doLoginTest" time="0.294" classname="com.qa.opencart.tests.loginPageTest"/>
  <testcase name="dloginPageTitleTest" time="0.015" classname="com.qa.opencart.tests.loginPageTest"/>
  <testcase name="LoginPageUrlTest" time="0.026" classname="com.qa.opencart.tests.loginPageTest"/>
  <testcase name="ForgotPwdLinkExistTest" time="0.063" classname="com.qa.opencart.tests.loginPageTest"/>
</testsuite> <!-- com.qa.opencart.tests.loginPageTest -->
